<?xml version="1.0" encoding="UTF-8"?>
<!-- Generated by org.testng.reporters.JUnitReportReporter -->
<testsuite hostname="LAPTOP-NQAD9FE4" failures="0" tests="1" name="com.Actitime.TestScripts.createcustomer" time="48.655" errors="0" timestamp="2022-12-02T15:31:42 IST" skipped="0">
  <testcase classname="com.Actitime.TestScripts.createcustomer" name="ghcreatecustomer" time="48.655"/>
  <system-out>
    <![CDATA[test started
tesrscript paased]]>
  </system-out>
</testsuite> <!-- com.Actitime.TestScripts.createcustomer -->
